  main.cpp
C:\Users\axel1\Desktop\Progetto finale\Base OpenGL 3.3 Camera\shader_s.h(60,40): warning C4101: 'e': variabile locale senza riferimenti
C:\Users\axel1\Desktop\Progetto finale\Base OpenGL 3.3 Camera\camera.h(258,25): warning C4244: '=': conversione da 'double' a 'T'. Possibile perdita di dati.
          with
          [
              T=float
          ]
C:\Users\axel1\Desktop\Progetto finale\Base OpenGL 3.3 Camera\camera.h(289,28): warning C4244: '=': conversione da 'double' a 'float'. Possibile perdita di dati.
C:\Users\axel1\Desktop\Progetto finale\Base OpenGL 3.3 Camera\skyBox.h(17,20): warning C4305: 'inizializzazione': troncamento da 'double' a 'float'
C:\Users\axel1\Desktop\Progetto finale\Base OpenGL 3.3 Camera\model.h(266,62): warning C4305: 'argomento': troncamento da 'double' a 'GLfloat'
C:\Users\axel1\Desktop\Progetto finale\Base OpenGL 3.3 Camera\player.h(37,8): warning C4101: 'up': variabile locale senza riferimenti
C:\Users\axel1\Desktop\Progetto finale\Base OpenGL 3.3 Camera\player.h(47,8): warning C4101: 'isJumping': variabile locale senza riferimenti
C:\Users\axel1\Desktop\Progetto finale\Base OpenGL 3.3 Camera\player.h(45,9): warning C4101: 'maxJump': variabile locale senza riferimenti
C:\Users\axel1\Desktop\Progetto finale\Base OpenGL 3.3 Camera\player.h(36,8): warning C4101: 'front': variabile locale senza riferimenti
C:\Users\axel1\Desktop\Progetto finale\Base OpenGL 3.3 Camera\player.h(44,9): warning C4101: 'jump': variabile locale senza riferimenti
C:\Users\axel1\Desktop\Progetto finale\Base OpenGL 3.3 Camera\player.h(42,9): warning C4101: 'acceleration': variabile locale senza riferimenti
C:\Users\axel1\Desktop\Progetto finale\Base OpenGL 3.3 Camera\player.h(46,9): warning C4101: 'rotation': variabile locale senza riferimenti
C:\Users\axel1\Desktop\Progetto finale\Base OpenGL 3.3 Camera\player.h(43,9): warning C4101: 'staticAcceleration': variabile locale senza riferimenti
C:\Users\axel1\Desktop\Progetto finale\Base OpenGL 3.3 Camera\player.h(35,8): warning C4101: 'position': variabile locale senza riferimenti
C:\Users\axel1\Desktop\Progetto finale\Base OpenGL 3.3 Camera\player.h(38,9): warning C4101: 'yaw': variabile locale senza riferimenti
C:\Users\axel1\Desktop\Progetto finale\Base OpenGL 3.3 Camera\player.h(54,8): warning C4101: 'delayPosition': variabile locale senza riferimenti
C:\Users\axel1\Desktop\Progetto finale\Base OpenGL 3.3 Camera\player.h(40,9): warning C4101: 'speed': variabile locale senza riferimenti
C:\Users\axel1\Desktop\Progetto finale\Base OpenGL 3.3 Camera\player.h(51,9): warning C4101: 'delayYaw': variabile locale senza riferimenti
C:\Users\axel1\Desktop\Progetto finale\Base OpenGL 3.3 Camera\player.h(41,9): warning C4101: 'angularVelocity': variabile locale senza riferimenti
C:\Users\axel1\Desktop\Progetto finale\Base OpenGL 3.3 Camera\Terrain.h(124,36): warning C4267: 'argomento': conversione da 'size_t' a '_Ty'. Possibile perdita di dati.
          with
          [
              _Ty=unsigned int
          ]
C:\Users\axel1\Desktop\Progetto finale\Base OpenGL 3.3 Camera\Terrain.h(155,28): warning C4267: '=': conversione da 'size_t' a 'unsigned int'. Possibile perdita di dati.
C:\Users\axel1\Desktop\Progetto finale\Base OpenGL 3.3 Camera\effects.h(51,56): warning C4244: 'argomento': conversione da 'double' a 'float'. Possibile perdita di dati.
C:\Users\axel1\Desktop\Progetto finale\Base OpenGL 3.3 Camera\effects.h(54,66): warning C4244: 'argomento': conversione da 'double' a 'float'. Possibile perdita di dati.
C:\Users\axel1\Desktop\Progetto finale\Base OpenGL 3.3 Camera\effects.h(54,27): warning C4244: 'argomento': conversione da 'double' a 'float'. Possibile perdita di dati.
C:\Users\axel1\Desktop\Progetto finale\Base OpenGL 3.3 Camera\effects.h(71,16): warning C4244: 'inizializzazione': conversione da 'double' a 'float'. Possibile perdita di dati.
C:\Users\axel1\Desktop\Progetto finale\Base OpenGL 3.3 Camera\effects.h(72,16): warning C4244: 'inizializzazione': conversione da 'double' a 'float'. Possibile perdita di dati.
C:\Users\axel1\Desktop\Progetto finale\Base OpenGL 3.3 Camera\effects.h(73,16): warning C4244: 'inizializzazione': conversione da 'double' a 'float'. Possibile perdita di dati.
C:\Users\axel1\Desktop\Progetto finale\Base OpenGL 3.3 Camera\effects.h(82,18): warning C4244: 'inizializzazione': conversione da 'double' a 'float'. Possibile perdita di dati.
C:\Users\axel1\Desktop\Progetto finale\Base OpenGL 3.3 Camera\billboard.h(37,21): warning C4305: 'inizializzazione': troncamento da 'double' a 'const float'
C:\Users\axel1\Desktop\Progetto finale\Base OpenGL 3.3 Camera\main.cpp(238,15): warning C4305: 'inizializzazione': troncamento da 'double' a 'float'
C:\Users\axel1\Desktop\Progetto finale\Base OpenGL 3.3 Camera\main.cpp(239,15): warning C4305: 'inizializzazione': troncamento da 'double' a 'float'
C:\Users\axel1\Desktop\Progetto finale\Base OpenGL 3.3 Camera\main.cpp(745,14): warning C4305: '-=': troncamento da 'double' a 'float'
C:\Users\axel1\Desktop\Progetto finale\Base OpenGL 3.3 Camera\main.cpp(756,14): warning C4305: '+=': troncamento da 'double' a 'float'
C:\Users\axel1\Desktop\Progetto finale\Base OpenGL 3.3 Camera\main.cpp(759,16): warning C4305: '=': troncamento da 'double' a 'float'
C:\Users\axel1\Desktop\Progetto finale\Base OpenGL 3.3 Camera\main.cpp(774,20): warning C4244: '-=': conversione da 'double' a 'float'. Possibile perdita di dati.
C:\Users\axel1\Desktop\Progetto finale\Base OpenGL 3.3 Camera\main.cpp(789,19): warning C4244: '+=': conversione da 'double' a 'float'. Possibile perdita di dati.
C:\Users\axel1\Desktop\Progetto finale\Base OpenGL 3.3 Camera\main.cpp(801,16): warning C4244: '+=': conversione da 'double' a 'float'. Possibile perdita di dati.
C:\Users\axel1\Desktop\Progetto finale\Base OpenGL 3.3 Camera\main.cpp(816,17): warning C4244: '-=': conversione da 'double' a 'float'. Possibile perdita di dati.
C:\Users\axel1\Desktop\Progetto finale\Base OpenGL 3.3 Camera\main.cpp(826,16): warning C4305: '-=': troncamento da 'double' a 'float'
C:\Users\axel1\Desktop\Progetto finale\Base OpenGL 3.3 Camera\main.cpp(827,16): warning C4305: '+=': troncamento da 'double' a 'float'
C:\Users\axel1\Desktop\Progetto finale\Base OpenGL 3.3 Camera\main.cpp(829,14): warning C4305: '=': troncamento da 'double' a 'float'
C:\Users\axel1\Desktop\Progetto finale\Base OpenGL 3.3 Camera\main.cpp(830,14): warning C4305: '=': troncamento da 'double' a 'float'
C:\Users\axel1\Desktop\Progetto finale\Base OpenGL 3.3 Camera\main.cpp(846,17): warning C4305: '+=': troncamento da 'double' a 'float'
C:\Users\axel1\Desktop\Progetto finale\Base OpenGL 3.3 Camera\main.cpp(853,17): warning C4305: '+=': troncamento da 'double' a 'float'
C:\Users\axel1\Desktop\Progetto finale\Base OpenGL 3.3 Camera\main.cpp(873,19): warning C4305: '-=': troncamento da 'double' a 'float'
C:\Users\axel1\Desktop\Progetto finale\Base OpenGL 3.3 Camera\main.cpp(880,19): warning C4305: '+=': troncamento da 'double' a 'float'
C:\Users\axel1\Desktop\Progetto finale\Base OpenGL 3.3 Camera\main.cpp(897,20): warning C4305: '+=': troncamento da 'double' a 'float'
C:\Users\axel1\Desktop\Progetto finale\Base OpenGL 3.3 Camera\main.cpp(1328,90): warning C4305: 'argomento': troncamento da 'double' a 'float'
C:\Users\axel1\Desktop\Progetto finale\Base OpenGL 3.3 Camera\main.cpp(1328,85): warning C4305: 'argomento': troncamento da 'double' a 'float'
C:\Users\axel1\Desktop\Progetto finale\Base OpenGL 3.3 Camera\main.cpp(1329,99): warning C4305: 'argomento': troncamento da 'double' a 'float'
C:\Users\axel1\Desktop\Progetto finale\Base OpenGL 3.3 Camera\main.cpp(1330,86): warning C4305: 'argomento': troncamento da 'double' a 'float'
C:\Users\axel1\Desktop\Progetto finale\Base OpenGL 3.3 Camera\main.cpp(1331,88): warning C4305: 'argomento': troncamento da 'double' a 'float'
C:\Users\axel1\Desktop\Progetto finale\Base OpenGL 3.3 Camera\main.cpp(1331,83): warning C4305: 'argomento': troncamento da 'double' a 'float'
C:\Users\axel1\Desktop\Progetto finale\Base OpenGL 3.3 Camera\main.cpp(1332,87): warning C4305: 'argomento': troncamento da 'double' a 'float'
C:\Users\axel1\Desktop\Progetto finale\Base OpenGL 3.3 Camera\main.cpp(1513,29): warning C4244: '=': conversione da 'double' a 'float'. Possibile perdita di dati.
C:\Users\axel1\Desktop\Progetto finale\Base OpenGL 3.3 Camera\main.cpp(1515,21): warning C4244: '+=': conversione da 'double' a 'float'. Possibile perdita di dati.
C:\Users\axel1\Desktop\Progetto finale\Base OpenGL 3.3 Camera\main.cpp(1519,17): warning C4244: '=': conversione da 'float' a 'int'. Possibile perdita di dati.
C:\Users\axel1\Desktop\Progetto finale\Base OpenGL 3.3 Camera\main.cpp(1526,22): warning C4244: '-=': conversione da 'float' a 'int'. Possibile perdita di dati.
C:\Users\axel1\Desktop\Progetto finale\Base OpenGL 3.3 Camera\main.cpp(1762,67): warning C4305: 'argomento': troncamento da 'double' a 'float'
C:\Users\axel1\Desktop\Progetto finale\Base OpenGL 3.3 Camera\main.cpp(1780,68): warning C4305: 'argomento': troncamento da 'double' a 'float'
C:\Users\axel1\Desktop\Progetto finale\Base OpenGL 3.3 Camera\main.cpp(1799,66): warning C4305: 'argomento': troncamento da 'double' a 'float'
C:\Users\axel1\Desktop\Progetto finale\Base OpenGL 3.3 Camera\main.cpp(1800,51): warning C4305: 'argomento': troncamento da 'double' a 'float'
C:\Users\axel1\Desktop\Progetto finale\Base OpenGL 3.3 Camera\main.cpp(1815,83): warning C4305: 'argomento': troncamento da 'double' a 'float'
C:\Users\axel1\Desktop\Progetto finale\Base OpenGL 3.3 Camera\main.cpp(1815,92): warning C4305: 'argomento': troncamento da 'double' a 'float'
C:\Users\axel1\Desktop\Progetto finale\Base OpenGL 3.3 Camera\main.cpp(1828,93): warning C4305: 'argomento': troncamento da 'double' a 'float'
C:\Users\axel1\Desktop\Progetto finale\Base OpenGL 3.3 Camera\main.cpp(1828,83): warning C4305: 'argomento': troncamento da 'double' a 'float'
C:\Users\axel1\Desktop\Progetto finale\Base OpenGL 3.3 Camera\main.cpp(1828,75): warning C4305: 'argomento': troncamento da 'double' a 'float'
C:\Users\axel1\Desktop\Progetto finale\Base OpenGL 3.3 Camera\main.cpp(1829,81): warning C4305: 'argomento': troncamento da 'double' a 'float'
C:\Users\axel1\Desktop\Progetto finale\Base OpenGL 3.3 Camera\main.cpp(1829,71): warning C4305: 'argomento': troncamento da 'double' a 'float'
C:\Users\axel1\Desktop\Progetto finale\Base OpenGL 3.3 Camera\main.cpp(1829,63): warning C4305: 'argomento': troncamento da 'double' a 'float'
C:\Users\axel1\Desktop\Progetto finale\Base OpenGL 3.3 Camera\main.cpp(1840,69): warning C4305: 'argomento': troncamento da 'double' a 'float'
C:\Users\axel1\Desktop\Progetto finale\Base OpenGL 3.3 Camera\main.cpp(1853,80): warning C4305: 'argomento': troncamento da 'double' a 'float'
C:\Users\axel1\Desktop\Progetto finale\Base OpenGL 3.3 Camera\main.cpp(1858,67): warning C4305: 'argomento': troncamento da 'double' a 'float'
C:\Users\axel1\Desktop\Progetto finale\Base OpenGL 3.3 Camera\main.cpp(1873,90): warning C4305: 'argomento': troncamento da 'double' a 'float'
C:\Users\axel1\Desktop\Progetto finale\Base OpenGL 3.3 Camera\main.cpp(1873,123): warning C4305: 'argomento': troncamento da 'double' a 'float'
C:\Users\axel1\Desktop\Progetto finale\Base OpenGL 3.3 Camera\main.cpp(1874,100): warning C4305: 'argomento': troncamento da 'double' a 'float'
C:\Users\axel1\Desktop\Progetto finale\Base OpenGL 3.3 Camera\main.cpp(1874,154): warning C4305: 'argomento': troncamento da 'double' a 'float'
C:\Users\axel1\Desktop\Progetto finale\Base OpenGL 3.3 Camera\main.cpp(1877,70): warning C4305: 'argomento': troncamento da 'double' a 'float'
C:\Users\axel1\Desktop\Progetto finale\Base OpenGL 3.3 Camera\main.cpp(1906,53): warning C4305: 'argomento': troncamento da 'double' a 'float'
C:\Users\axel1\Desktop\Progetto finale\Base OpenGL 3.3 Camera\main.cpp(1922,47): warning C4305: 'argomento': troncamento da 'double' a 'float'
C:\Users\axel1\Desktop\Progetto finale\Base OpenGL 3.3 Camera\main.cpp(1972,60): warning C4305: 'argomento': troncamento da 'double' a 'float'
C:\Users\axel1\Desktop\Progetto finale\Base OpenGL 3.3 Camera\main.cpp(1978,73): warning C4305: 'argomento': troncamento da 'double' a 'float'
C:\Users\axel1\Desktop\Progetto finale\Base OpenGL 3.3 Camera\main.cpp(1983,74): warning C4305: 'argomento': troncamento da 'double' a 'float'
C:\Users\axel1\Desktop\Progetto finale\Base OpenGL 3.3 Camera\main.cpp(2084,16): warning C4244: 'inizializzazione': conversione da 'double' a 'float'. Possibile perdita di dati.
C:\Users\axel1\Desktop\Progetto finale\Base OpenGL 3.3 Camera\main.cpp(2263,39): warning C4244: 'argomento': conversione da 'double' a 'float'. Possibile perdita di dati.
C:\Users\axel1\Desktop\Progetto finale\Base OpenGL 3.3 Camera\main.cpp(2270,37): warning C4244: 'argomento': conversione da 'double' a 'float'. Possibile perdita di dati.
C:\Users\axel1\Desktop\Progetto finale\Base OpenGL 3.3 Camera\main.cpp(2271,41): warning C4244: 'argomento': conversione da 'double' a 'float'. Possibile perdita di dati.
C:\Users\axel1\Desktop\Progetto finale\Base OpenGL 3.3 Camera\main.cpp(2274,38): warning C4244: 'argomento': conversione da 'double' a 'float'. Possibile perdita di dati.
C:\Users\axel1\Desktop\Progetto finale\Base OpenGL 3.3 Camera\main.cpp(2275,42): warning C4244: 'argomento': conversione da 'double' a 'float'. Possibile perdita di dati.
C:\Users\axel1\Desktop\Progetto finale\Base OpenGL 3.3 Camera\main.cpp(2286,40): warning C4244: 'argomento': conversione da 'double' a 'float'. Possibile perdita di dati.
C:\Users\axel1\Desktop\Progetto finale\Base OpenGL 3.3 Camera\main.cpp(2293,37): warning C4244: 'argomento': conversione da 'double' a 'float'. Possibile perdita di dati.
C:\Users\axel1\Desktop\Progetto finale\Base OpenGL 3.3 Camera\main.cpp(2294,41): warning C4244: 'argomento': conversione da 'double' a 'float'. Possibile perdita di dati.
C:\Users\axel1\Desktop\Progetto finale\Base OpenGL 3.3 Camera\main.cpp(2297,38): warning C4244: 'argomento': conversione da 'double' a 'float'. Possibile perdita di dati.
C:\Users\axel1\Desktop\Progetto finale\Base OpenGL 3.3 Camera\main.cpp(2298,42): warning C4244: 'argomento': conversione da 'double' a 'float'. Possibile perdita di dati.
C:\Users\axel1\Desktop\Progetto finale\Base OpenGL 3.3 Camera\main.cpp(2312,37): warning C4244: 'argomento': conversione da 'double' a 'float'. Possibile perdita di dati.
C:\Users\axel1\Desktop\Progetto finale\Base OpenGL 3.3 Camera\main.cpp(2317,38): warning C4244: 'argomento': conversione da 'double' a 'float'. Possibile perdita di dati.
C:\Users\axel1\Desktop\Progetto finale\Base OpenGL 3.3 Camera\main.cpp(2325,36): warning C4244: 'argomento': conversione da 'double' a 'float'. Possibile perdita di dati.
C:\Users\axel1\Desktop\Progetto finale\Base OpenGL 3.3 Camera\main.cpp(2328,37): warning C4244: 'argomento': conversione da 'double' a 'float'. Possibile perdita di dati.
C:\Users\axel1\Desktop\Progetto finale\Base OpenGL 3.3 Camera\kdtree.h(224,33): warning C4267: 'argomento': conversione da 'size_t' a 'int'. Possibile perdita di dati.
C:\Users\axel1\Desktop\Progetto finale\Base OpenGL 3.3 Camera\kdtree.h(220,23): message : durante la compilazione della funzione membro 'double kd::AlberoKD<TriangoloPt>::calcolaDistanza(const PuntoT &,const PuntoT &)' di modello classe
          with
          [
              PuntoT=TriangoloPt
          ]
C:\Users\axel1\Desktop\Progetto finale\Base OpenGL 3.3 Camera\kdtree.h(277,35): message : vedere il primo riferimento a 'kd::AlberoKD<TriangoloPt>::calcolaDistanza' in 'kd::AlberoKD<TriangoloPt>::trovaPuntiEntroRaggioRicorsivo'
C:\Users\axel1\Desktop\Progetto finale\Base OpenGL 3.3 Camera\kdtree.h(88,43): message : vedere il primo riferimento a 'kd::AlberoKD<TriangoloPt>::trovaPuntiEntroRaggioRicorsivo' in 'kd::AlberoKD<TriangoloPt>::trovaPuntiEntroRaggio'
C:\Users\axel1\Desktop\Progetto finale\Base OpenGL 3.3 Camera\kdtree.h(108,32): message : vedere il primo riferimento a 'kd::AlberoKD<TriangoloPt>::trovaPuntiEntroRaggio' in 'kd::AlberoKD<TriangoloPt>::getPuntiEntroRaggio'
C:\Users\axel1\Desktop\Progetto finale\Base OpenGL 3.3 Camera\Terrain.h(57,11): message : vedere il primo riferimento a 'kd::AlberoKD<TriangoloPt>::getPuntiEntroRaggio' in 'Terrain::updateCameraPositionOnMap'
C:\Users\axel1\Desktop\Progetto finale\Base OpenGL 3.3 Camera\Terrain.h(86,25): message : vedere il riferimento all'istanza 'kd::AlberoKD<TriangoloPt>' di modello classe di cui è in corso la compilazione
C:\Users\axel1\Desktop\Progetto finale\Base OpenGL 3.3 Camera\kdtree.h(224,40): warning C4267: 'argomento': conversione da 'size_t' a 'int'. Possibile perdita di dati.
C:\Users\axel1\Desktop\Progetto finale\Base OpenGL 3.3 Camera\kdtree.h(224,49): warning C4267: 'argomento': conversione da 'size_t' a 'int'. Possibile perdita di dati.
C:\Users\axel1\Desktop\Progetto finale\Base OpenGL 3.3 Camera\kdtree.h(224,56): warning C4267: 'argomento': conversione da 'size_t' a 'int'. Possibile perdita di dati.
  Generazione codice in corso...
  1 of 1807 functions (<0.1%) were compiled, the rest were copied from previous compilation.
    0 functions were new in current compilation
    7 functions had inline decision re-evaluated but remain unchanged
  Generazione codice terminata
  Base OpenGL 3.3 Camera.vcxproj -> C:\Users\axel1\Desktop\Progetto finale\x64\Release\Base OpenGL 3.3 Camera.exe
