d:\università\grafica avanzata\progetto finale\base opengl 3.3 camera\x64\release\vc143.pdb
d:\università\grafica avanzata\progetto finale\base opengl 3.3 camera\x64\release\glad.obj
d:\università\grafica avanzata\progetto finale\base opengl 3.3 camera\x64\release\main.obj
d:\università\grafica avanzata\progetto finale-backup\base opengl 3.3 camera\x64\release\vc143.pdb
d:\università\grafica avanzata\progetto finale-backup\base opengl 3.3 camera\x64\release\glad.obj
d:\università\grafica avanzata\progetto finale-backup\base opengl 3.3 camera\x64\release\main.obj
d:\università\grafica avanzata\progetto finale\x64\release\base opengl 3.3 camera.exe
d:\università\grafica avanzata\progetto finale\base opengl 3.3 camera\x64\release\base opengl 3.3 camera.ipdb
d:\università\grafica avanzata\progetto finale\x64\release\base opengl 3.3 camera.pdb
d:\università\grafica avanzata\progetto finale\base opengl 3.3 camera\x64\release\base opengl 3.3 camera.iobj
d:\università\grafica avanzata\progetto finale-backup\x64\release\base opengl 3.3 camera.exe
d:\università\grafica avanzata\progetto finale-backup\base opengl 3.3 camera\x64\release\base opengl 3.3 camera.ipdb
d:\università\grafica avanzata\progetto finale-backup\x64\release\base opengl 3.3 camera.pdb
d:\università\grafica avanzata\progetto finale-backup\base opengl 3.3 camera\x64\release\base opengl 3.3 camera.iobj
d:\università\grafica avanzata\progetto finale-backup\base opengl 3.3 camera\x64\release\base ope.ce296191.tlog\cl.command.1.tlog
d:\università\grafica avanzata\progetto finale-backup\base opengl 3.3 camera\x64\release\base ope.ce296191.tlog\cl.read.1.tlog
d:\università\grafica avanzata\progetto finale-backup\base opengl 3.3 camera\x64\release\base ope.ce296191.tlog\cl.write.1.tlog
d:\università\grafica avanzata\progetto finale-backup\base opengl 3.3 camera\x64\release\base ope.ce296191.tlog\link.command.1.tlog
d:\università\grafica avanzata\progetto finale-backup\base opengl 3.3 camera\x64\release\base ope.ce296191.tlog\link.read.1.tlog
d:\università\grafica avanzata\progetto finale-backup\base opengl 3.3 camera\x64\release\base ope.ce296191.tlog\link.write.1.tlog
